<?xml version="1.0" encoding="UTF-8"?>
<!-- Generated by org.testng.reporters.JUnitReportReporter -->
<testsuite hostname="avinash-PC" name="RobotClassPractice.Actions_Test" tests="1" failures="0" timestamp="5 Jun 2020 10:01:23 GMT" time="0.736" errors="0">
  <testcase name="Save_Image" time="0.736" classname="RobotClassPractice.Actions_Test"/>
</testsuite> <!-- RobotClassPractice.Actions_Test -->
