<?xml version="1.0" encoding="UTF-8"?>
<!-- Generated by org.testng.reporters.JUnitReportReporter -->
<testsuite hostname="avinash-PC" name="AutoitFile.File_Uploading" tests="1" failures="0" timestamp="3 Mar 2020 09:40:41 GMT" time="6.074" errors="0">
  <testcase name="tc_01" time="6.074" classname="AutoitFile.File_Uploading"/>
</testsuite> <!-- AutoitFile.File_Uploading -->
