<?xml version="1.0" encoding="UTF-8"?>
<!-- Generated by org.testng.reporters.JUnitReportReporter -->
<testsuite hostname="avinash-PC" name="AnnotaionsPkg.ClassA" tests="6" failures="0" timestamp="8 Jun 2020 09:20:40 GMT" time="0.161" errors="0">
  <testcase name="m2" time="0.009" classname="AnnotaionsPkg.ClassA"/>
  <testcase name="m2" time="0.003" classname="AnnotaionsPkg.ClassA"/>
  <testcase name="m2" time="0.004" classname="AnnotaionsPkg.ClassA"/>
  <testcase name="m1" time="0.050" classname="AnnotaionsPkg.ClassA"/>
  <testcase name="m3" time="0.004" classname="AnnotaionsPkg.ClassA"/>
  <testcase name="m4" time="0.091" classname="AnnotaionsPkg.ClassA"/>
</testsuite> <!-- AnnotaionsPkg.ClassA -->
